<?xml version="1.0" encoding="UTF-8"?>
<testng-results skipped="0" failed="0" ignored="0" total="1" passed="1">
  <reporter-output>
  </reporter-output>
  <suite name="tests.JoinFreelancerTest" duration-ms="10005" started-at="2020-01-30T08:14:16 ART" finished-at="2020-01-30T08:14:26 ART">
    <groups>
    </groups>
    <test name="Command line test" duration-ms="10005" started-at="2020-01-30T08:14:16 ART" finished-at="2020-01-30T08:14:26 ART">
      <class name="tests.JoinFreelancerTest">
        <test-method status="PASS" signature="setup()[pri:0, instance:tests.JoinFreelancerTest@553f17c]" name="setup" is-config="true" duration-ms="2870" started-at="2020-01-30T08:14:16 ART" finished-at="2020-01-30T08:14:19 ART">
          <reporter-output>
          </reporter-output>
        </test-method> <!-- setup -->
        <test-method status="PASS" signature="signUp()[pri:0, instance:tests.JoinFreelancerTest@553f17c]" name="signUp" duration-ms="5035" started-at="2020-01-30T08:14:19 ART" finished-at="2020-01-30T08:14:24 ART">
          <reporter-output>
          </reporter-output>
        </test-method> <!-- signUp -->
        <test-method status="PASS" signature="close()[pri:0, instance:tests.JoinFreelancerTest@553f17c]" name="close" is-config="true" duration-ms="2074" started-at="2020-01-30T08:14:24 ART" finished-at="2020-01-30T08:14:26 ART">
          <reporter-output>
          </reporter-output>
        </test-method> <!-- close -->
      </class> <!-- tests.JoinFreelancerTest -->
    </test> <!-- Command line test -->
  </suite> <!-- tests.JoinFreelancerTest -->
</testng-results>
